# JRE version: OpenJDK Runtime Environment (11.0.11+9) (build 11.0.11+9-b60-7590822)
# Java VM: OpenJDK 64-Bit Server VM (11.0.11+9-b60-7590822, mixed mode, tiered, compressed oops, g1 gc, windows-amd64)
Heap:
 garbage-first heap   total 763904K, used 294912K [0x0000000080000000, 0x0000000100000000)
  region size 1024K, 5 young (5120K), 5 survivors (5120K)
 Metaspace       used 92642K, capacity 95042K, committed 95436K, reserved 1132544K
  class space    used 12200K, capacity 13074K, committed 13260K, reserved 1048576K
GC Heap History (20 events):
Event: 25.619 GC heap after
{Heap after GC invocations=27 (full 0):
 garbage-first heap   total 190464K, used 154624K [0x0000000080000000, 0x0000000100000000)
  region size 1024K, 2 young (2048K), 2 survivors (2048K)
 Metaspace       used 90344K, capacity 92696K, committed 93132K, reserved 1130496K
  class space    used 11739K, capacity 12573K, committed 12748K, reserved 1048576K
}
Event: 25.853 GC heap before
{Heap before GC invocations=27 (full 0):
 garbage-first heap   total 190464K, used 160768K [0x0000000080000000, 0x0000000100000000)
  region size 1024K, 9 young (9216K), 2 survivors (2048K)
 Metaspace       used 90344K, capacity 92696K, committed 93132K, reserved 1130496K
  class space    used 11739K, capacity 12573K, committed 12748K, reserved 1048576K
}
Event: 25.873 GC heap after
{Heap after GC invocations=28 (full 0):
 garbage-first heap   total 190464K, used 158225K [0x0000000080000000, 0x0000000100000000)
  region size 1024K, 2 young (2048K), 2 survivors (2048K)
 Metaspace       used 90344K, capacity 92696K, committed 93132K, reserved 1130496K
  class space    used 11739K, capacity 12573K, committed 12748K, reserved 1048576K
}
Event: 25.993 GC heap before
{Heap before GC invocations=29 (full 0):
 garbage-first heap   total 190464K, used 165393K [0x0000000080000000, 0x0000000100000000)
  region size 1024K, 9 young (9216K), 2 survivors (2048K)
 Metaspace       used 90344K, capacity 92696K, committed 93132K, reserved 1130496K
  class space    used 11739K, capacity 12573K, committed 12748K, reserved 1048576K
}
Event: 26.012 GC heap after
{Heap after GC invocations=30 (full 0):
 garbage-first heap   total 236544K, used 161693K [0x0000000080000000, 0x0000000100000000)
  region size 1024K, 2 young (2048K), 2 survivors (2048K)
 Metaspace       used 90344K, capacity 92696K, committed 93132K, reserved 1130496K
  class space    used 11739K, capacity 12573K, committed 12748K, reserved 1048576K
}
Event: 26.127 GC heap before
{Heap before GC invocations=30 (full 0):
 garbage-first heap   total 236544K, used 167837K [0x0000000080000000, 0x0000000100000000)
  region size 1024K, 9 young (9216K), 2 survivors (2048K)
 Metaspace       used 90346K, capacity 92696K, committed 93132K, reserved 1130496K
  class space    used 11739K, capacity 12573K, committed 12748K, reserved 1048576K
}
Event: 26.140 GC heap after
{Heap after GC invocations=31 (full 0):
 garbage-first heap   total 236544K, used 164500K [0x0000000080000000, 0x0000000100000000)
  region size 1024K, 3 young (3072K), 3 survivors (3072K)
 Metaspace       used 90346K, capacity 92696K, committed 93132K, reserved 1130496K
  class space    used 11739K, capacity 12573K, committed 12748K, reserved 1048576K
}
Event: 26.417 GC heap before
{Heap before GC invocations=31 (full 0):
 garbage-first heap   total 236544K, used 181908K [0x0000000080000000, 0x0000000100000000)
  region size 1024K, 20 young (20480K), 3 survivors (3072K)
 Metaspace       used 90365K, capacity 92696K, committed 93132K, reserved 1130496K
  class space    used 11740K, capacity 12573K, committed 12748K, reserved 1048576K
}
Event: 26.436 GC heap after
{Heap after GC invocations=32 (full 0):
 garbage-first heap   total 236544K, used 172772K [0x0000000080000000, 0x0000000100000000)
  region size 1024K, 3 young (3072K), 3 survivors (3072K)
 Metaspace       used 90365K, capacity 92696K, committed 93132K, reserved 1130496K
  class space    used 11740K, capacity 12573K, committed 12748K, reserved 1048576K
}
Event: 26.782 GC heap before
{Heap before GC invocations=33 (full 0):
 garbage-first heap   total 236544K, used 186084K [0x0000000080000000, 0x0000000100000000)
  region size 1024K, 18 young (18432K), 3 survivors (3072K)
 Metaspace       used 92559K, capacity 95033K, committed 95436K, reserved 1132544K
  class space    used 12229K, capacity 13129K, committed 13260K, reserved 1048576K
}
Event: 26.806 GC heap after
{Heap after GC invocations=34 (full 0):
 garbage-first heap   total 236544K, used 177152K [0x0000000080000000, 0x0000000100000000)
  region size 1024K, 3 young (3072K), 3 survivors (3072K)
 Metaspace       used 92559K, capacity 95033K, committed 95436K, reserved 1132544K
  class space    used 12229K, capacity 13129K, committed 13260K, reserved 1048576K
}
Event: 26.934 GC heap before
{Heap before GC invocations=34 (full 0):
 garbage-first heap   total 236544K, used 191488K [0x0000000080000000, 0x0000000100000000)
  region size 1024K, 17 young (17408K), 3 survivors (3072K)
 Metaspace       used 92616K, capacity 95101K, committed 95436K, reserved 1132544K
  class space    used 12229K, capacity 13129K, committed 13260K, reserved 1048576K
}
Event: 26.967 GC heap after
{Heap after GC invocations=35 (full 0):
 garbage-first heap   total 398336K, used 185466K [0x0000000080000000, 0x0000000100000000)
  region size 1024K, 3 young (3072K), 3 survivors (3072K)
 Metaspace       used 92616K, capacity 95101K, committed 95436K, reserved 1132544K
  class space    used 12229K, capacity 13129K, committed 13260K, reserved 1048576K
}
Event: 27.626 GC heap before
{Heap before GC invocations=36 (full 0):
 garbage-first heap   total 398336K, used 242810K [0x0000000080000000, 0x0000000100000000)
  region size 1024K, 60 young (61440K), 3 survivors (3072K)
 Metaspace       used 92715K, capacity 95172K, committed 95436K, reserved 1132544K
  class space    used 12231K, capacity 13129K, committed 13260K, reserved 1048576K
}
Event: 27.667 GC heap after
{Heap after GC invocations=37 (full 0):
 garbage-first heap   total 398336K, used 218832K [0x0000000080000000, 0x0000000100000000)
  region size 1024K, 8 young (8192K), 8 survivors (8192K)
 Metaspace       used 92715K, capacity 95172K, committed 95436K, reserved 1132544K
  class space    used 12231K, capacity 13129K, committed 13260K, reserved 1048576K
}
Event: 27.879 GC heap before
{Heap before GC invocations=37 (full 0):
 garbage-first heap   total 398336K, used 269008K [0x0000000080000000, 0x0000000100000000)
  region size 1024K, 57 young (58368K), 8 survivors (8192K)
 Metaspace       used 92723K, capacity 95172K, committed 95436K, reserved 1132544K
  class space    used 12231K, capacity 13129K, committed 13260K, reserved 1048576K
}
Event: 27.921 GC heap after
{Heap after GC invocations=38 (full 0):
 garbage-first heap   total 398336K, used 248832K [0x0000000080000000, 0x0000000100000000)
  region size 1024K, 8 young (8192K), 8 survivors (8192K)
 Metaspace       used 92723K, capacity 95172K, committed 95436K, reserved 1132544K
  class space    used 12231K, capacity 13129K, committed 13260K, reserved 1048576K
}
Event: 28.430 GC heap before
{Heap before GC invocations=38 (full 0):
 garbage-first heap   total 398336K, used 288768K [0x0000000080000000, 0x0000000100000000)
  region size 1024K, 48 young (49152K), 8 survivors (8192K)
 Metaspace       used 92642K, capacity 95042K, committed 95436K, reserved 1132544K
  class space    used 12200K, capacity 13074K, committed 13260K, reserved 1048576K
}
Event: 28.483 GC heap after
{Heap after GC invocations=39 (full 0):
 garbage-first heap   total 398336K, used 275456K [0x0000000080000000, 0x0000000100000000)
  region size 1024K, 6 young (6144K), 6 survivors (6144K)
 Metaspace       used 92642K, capacity 95042K, committed 95436K, reserved 1132544K
  class space    used 12200K, capacity 13074K, committed 13260K, reserved 1048576K
}
Event: 28.765 GC heap before
{Heap before GC invocations=40 (full 0):
 garbage-first heap   total 398336K, used 302080K [0x0000000080000000, 0x0000000100000000)
  region size 1024K, 33 young (33792K), 6 survivors (6144K)
 Metaspace       used 92642K, capacity 95042K, committed 95436K, reserved 1132544K
  class space    used 12200K, capacity 13074K, committed 13260K, reserved 1048576K
}

