# JRE version: OpenJDK Runtime Environment (11.0.11+9) (build 11.0.11+9-b60-7590822)
# Java VM: OpenJDK 64-Bit Server VM (11.0.11+9-b60-7590822, mixed mode, tiered, compressed oops, g1 gc, windows-amd64)
Heap:
 garbage-first heap   total 392192K, used 198310K [0x0000000080000000, 0x0000000100000000)
  region size 1024K, 2 young (2048K), 2 survivors (2048K)
 Metaspace       used 92581K, capacity 95050K, committed 95180K, reserved 1130496K
  class space    used 12228K, capacity 13178K, committed 13260K, reserved 1048576K
GC Heap History (20 events):
Event: 22.403 GC heap after
{Heap after GC invocations=18 (full 0):
 garbage-first heap   total 180224K, used 88215K [0x0000000080000000, 0x0000000100000000)
  region size 1024K, 7 young (7168K), 7 survivors (7168K)
 Metaspace       used 86359K, capacity 88782K, committed 89036K, reserved 1126400K
  class space    used 11257K, capacity 12126K, committed 12236K, reserved 1048576K
}
Event: 22.528 GC heap before
{Heap before GC invocations=18 (full 0):
 garbage-first heap   total 180224K, used 107671K [0x0000000080000000, 0x0000000100000000)
  region size 1024K, 28 young (28672K), 7 survivors (7168K)
 Metaspace       used 86880K, capacity 89354K, committed 89676K, reserved 1126400K
  class space    used 11320K, capacity 12227K, committed 12364K, reserved 1048576K
}
Event: 22.536 GC heap after
{Heap after GC invocations=19 (full 0):
 garbage-first heap   total 180224K, used 89432K [0x0000000080000000, 0x0000000100000000)
  region size 1024K, 4 young (4096K), 4 survivors (4096K)
 Metaspace       used 86880K, capacity 89354K, committed 89676K, reserved 1126400K
  class space    used 11320K, capacity 12227K, committed 12364K, reserved 1048576K
}
Event: 23.057 GC heap before
{Heap before GC invocations=20 (full 0):
 garbage-first heap   total 180224K, used 129368K [0x0000000080000000, 0x0000000100000000)
  region size 1024K, 28 young (28672K), 4 survivors (4096K)
 Metaspace       used 89663K, capacity 92001K, committed 92492K, reserved 1128448K
  class space    used 11645K, capacity 12491K, committed 12620K, reserved 1048576K
}
Event: 23.069 GC heap after
{Heap after GC invocations=21 (full 0):
 garbage-first heap   total 180224K, used 115406K [0x0000000080000000, 0x0000000100000000)
  region size 1024K, 9 young (9216K), 9 survivors (9216K)
 Metaspace       used 89663K, capacity 92001K, committed 92492K, reserved 1128448K
  class space    used 11645K, capacity 12491K, committed 12620K, reserved 1048576K
}
Event: 23.375 GC heap before
{Heap before GC invocations=22 (full 0):
 garbage-first heap   total 180224K, used 178894K [0x0000000080000000, 0x0000000100000000)
  region size 1024K, 38 young (38912K), 9 survivors (9216K)
 Metaspace       used 90227K, capacity 92555K, committed 93132K, reserved 1130496K
  class space    used 11726K, capacity 12571K, committed 12748K, reserved 1048576K
}
Event: 23.402 GC heap after
{Heap after GC invocations=23 (full 0):
 garbage-first heap   total 203776K, used 146665K [0x0000000080000000, 0x0000000100000000)
  region size 1024K, 5 young (5120K), 5 survivors (5120K)
 Metaspace       used 90227K, capacity 92555K, committed 93132K, reserved 1130496K
  class space    used 11726K, capacity 12571K, committed 12748K, reserved 1048576K
}
Event: 23.418 GC heap before
{Heap before GC invocations=23 (full 0):
 garbage-first heap   total 203776K, used 149737K [0x0000000080000000, 0x0000000100000000)
  region size 1024K, 9 young (9216K), 5 survivors (5120K)
 Metaspace       used 90227K, capacity 92555K, committed 93132K, reserved 1130496K
  class space    used 11726K, capacity 12571K, committed 12748K, reserved 1048576K
}
Event: 23.430 GC heap after
{Heap after GC invocations=24 (full 0):
 garbage-first heap   total 203776K, used 148308K [0x0000000080000000, 0x0000000100000000)
  region size 1024K, 2 young (2048K), 2 survivors (2048K)
 Metaspace       used 90227K, capacity 92555K, committed 93132K, reserved 1130496K
  class space    used 11726K, capacity 12571K, committed 12748K, reserved 1048576K
}
Event: 23.537 GC heap before
{Heap before GC invocations=24 (full 0):
 garbage-first heap   total 203776K, used 165716K [0x0000000080000000, 0x0000000100000000)
  region size 1024K, 16 young (16384K), 2 survivors (2048K)
 Metaspace       used 90227K, capacity 92555K, committed 93132K, reserved 1130496K
  class space    used 11726K, capacity 12571K, committed 12748K, reserved 1048576K
}
Event: 23.553 GC heap after
{Heap after GC invocations=25 (full 0):
 garbage-first heap   total 203776K, used 158185K [0x0000000080000000, 0x0000000100000000)
  region size 1024K, 2 young (2048K), 2 survivors (2048K)
 Metaspace       used 90227K, capacity 92555K, committed 93132K, reserved 1130496K
  class space    used 11726K, capacity 12571K, committed 12748K, reserved 1048576K
}
Event: 23.626 GC heap before
{Heap before GC invocations=25 (full 0):
 garbage-first heap   total 203776K, used 168425K [0x0000000080000000, 0x0000000100000000)
  region size 1024K, 13 young (13312K), 2 survivors (2048K)
 Metaspace       used 90227K, capacity 92555K, committed 93132K, reserved 1130496K
  class space    used 11726K, capacity 12571K, committed 12748K, reserved 1048576K
}
Event: 23.644 GC heap after
{Heap after GC invocations=26 (full 0):
 garbage-first heap   total 244736K, used 163461K [0x0000000080000000, 0x0000000100000000)
  region size 1024K, 2 young (2048K), 2 survivors (2048K)
 Metaspace       used 90227K, capacity 92555K, committed 93132K, reserved 1130496K
  class space    used 11726K, capacity 12571K, committed 12748K, reserved 1048576K
}
Event: 23.886 GC heap before
{Heap before GC invocations=27 (full 0):
 garbage-first heap   total 244736K, used 187013K [0x0000000080000000, 0x0000000100000000)
  region size 1024K, 25 young (25600K), 2 survivors (2048K)
 Metaspace       used 90246K, capacity 92555K, committed 93132K, reserved 1130496K
  class space    used 11727K, capacity 12571K, committed 12748K, reserved 1048576K
}
Event: 23.907 GC heap after
{Heap after GC invocations=28 (full 0):
 garbage-first heap   total 244736K, used 173965K [0x0000000080000000, 0x0000000100000000)
  region size 1024K, 4 young (4096K), 4 survivors (4096K)
 Metaspace       used 90246K, capacity 92555K, committed 93132K, reserved 1130496K
  class space    used 11727K, capacity 12571K, committed 12748K, reserved 1048576K
}
Event: 24.282 GC heap before
{Heap before GC invocations=28 (full 0):
 garbage-first heap   total 244736K, used 194445K [0x0000000080000000, 0x0000000100000000)
  region size 1024K, 24 young (24576K), 4 survivors (4096K)
 Metaspace       used 92513K, capacity 94982K, committed 95180K, reserved 1130496K
  class space    used 12228K, capacity 13178K, committed 13260K, reserved 1048576K
}
Event: 24.307 GC heap after
{Heap after GC invocations=29 (full 0):
 garbage-first heap   total 244736K, used 181677K [0x0000000080000000, 0x0000000100000000)
  region size 1024K, 3 young (3072K), 3 survivors (3072K)
 Metaspace       used 92513K, capacity 94982K, committed 95180K, reserved 1130496K
  class space    used 12228K, capacity 13178K, committed 13260K, reserved 1048576K
}
Event: 24.618 GC heap before
{Heap before GC invocations=29 (full 0):
 garbage-first heap   total 244736K, used 199085K [0x0000000080000000, 0x0000000100000000)
  region size 1024K, 20 young (20480K), 3 survivors (3072K)
 Metaspace       used 92581K, capacity 95050K, committed 95180K, reserved 1130496K
  class space    used 12228K, capacity 13178K, committed 13260K, reserved 1048576K
}
Event: 24.637 GC heap after
{Heap after GC invocations=30 (full 0):
 garbage-first heap   total 244736K, used 192035K [0x0000000080000000, 0x0000000100000000)
  region size 1024K, 3 young (3072K), 3 survivors (3072K)
 Metaspace       used 92581K, capacity 95050K, committed 95180K, reserved 1130496K
  class space    used 12228K, capacity 13178K, committed 13260K, reserved 1048576K
}
Event: 24.775 GC heap before
{Heap before GC invocations=30 (full 0):
 garbage-first heap   total 244736K, used 203299K [0x0000000080000000, 0x0000000100000000)
  region size 1024K, 15 young (15360K), 3 survivors (3072K)
 Metaspace       used 92581K, capacity 95050K, committed 95180K, reserved 1130496K
  class space    used 12228K, capacity 13178K, committed 13260K, reserved 1048576K
}

