# JRE version: OpenJDK Runtime Environment (11.0.11+9) (build 11.0.11+9-b60-7590822)
# Java VM: OpenJDK 64-Bit Server VM (11.0.11+9-b60-7590822, mixed mode, tiered, compressed oops, g1 gc, windows-amd64)
Heap:
 garbage-first heap   total 420864K, used 312320K [0x0000000080000000, 0x0000000100000000)
  region size 1024K, 29 young (29696K), 7 survivors (7168K)
 Metaspace       used 94642K, capacity 97178K, committed 97356K, reserved 1132544K
  class space    used 12431K, capacity 13358K, committed 13388K, reserved 1048576K
GC Heap History (20 events):
Event: 28.376 GC heap before
{Heap before GC invocations=30 (full 0):
 garbage-first heap   total 193536K, used 164263K [0x0000000080000000, 0x0000000100000000)
  region size 1024K, 16 young (16384K), 3 survivors (3072K)
 Metaspace       used 92203K, capacity 94671K, committed 94924K, reserved 1130496K
  class space    used 11936K, capacity 12837K, committed 13004K, reserved 1048576K
}
Event: 28.397 GC heap after
{Heap after GC invocations=31 (full 0):
 garbage-first heap   total 193536K, used 156941K [0x0000000080000000, 0x0000000100000000)
  region size 1024K, 2 young (2048K), 2 survivors (2048K)
 Metaspace       used 92203K, capacity 94671K, committed 94924K, reserved 1130496K
  class space    used 11936K, capacity 12837K, committed 13004K, reserved 1048576K
}
Event: 28.504 GC heap before
{Heap before GC invocations=31 (full 0):
 garbage-first heap   total 193536K, used 163085K [0x0000000080000000, 0x0000000100000000)
  region size 1024K, 9 young (9216K), 2 survivors (2048K)
 Metaspace       used 92204K, capacity 94671K, committed 94924K, reserved 1130496K
  class space    used 11936K, capacity 12837K, committed 13004K, reserved 1048576K
}
Event: 28.522 GC heap after
{Heap after GC invocations=32 (full 0):
 garbage-first heap   total 193536K, used 160291K [0x0000000080000000, 0x0000000100000000)
  region size 1024K, 2 young (2048K), 2 survivors (2048K)
 Metaspace       used 92204K, capacity 94671K, committed 94924K, reserved 1130496K
  class space    used 11936K, capacity 12837K, committed 13004K, reserved 1048576K
}
Event: 28.639 GC heap before
{Heap before GC invocations=32 (full 0):
 garbage-first heap   total 193536K, used 166435K [0x0000000080000000, 0x0000000100000000)
  region size 1024K, 9 young (9216K), 2 survivors (2048K)
 Metaspace       used 92257K, capacity 94749K, committed 95180K, reserved 1132544K
  class space    used 11945K, capacity 12842K, committed 13004K, reserved 1048576K
}
Event: 28.661 GC heap after
{Heap after GC invocations=33 (full 0):
 garbage-first heap   total 238592K, used 163562K [0x0000000080000000, 0x0000000100000000)
  region size 1024K, 2 young (2048K), 2 survivors (2048K)
 Metaspace       used 92257K, capacity 94749K, committed 95180K, reserved 1132544K
  class space    used 11945K, capacity 12842K, committed 13004K, reserved 1048576K
}
Event: 28.723 GC heap before
{Heap before GC invocations=34 (full 0):
 garbage-first heap   total 238592K, used 168682K [0x0000000080000000, 0x0000000100000000)
  region size 1024K, 8 young (8192K), 2 survivors (2048K)
 Metaspace       used 92258K, capacity 94749K, committed 95180K, reserved 1132544K
  class space    used 11945K, capacity 12842K, committed 13004K, reserved 1048576K
}
Event: 28.737 GC heap after
{Heap after GC invocations=35 (full 0):
 garbage-first heap   total 238592K, used 165548K [0x0000000080000000, 0x0000000100000000)
  region size 1024K, 4 young (4096K), 4 survivors (4096K)
 Metaspace       used 92258K, capacity 94749K, committed 95180K, reserved 1132544K
  class space    used 11945K, capacity 12842K, committed 13004K, reserved 1048576K
}
Event: 29.166 GC heap before
{Heap before GC invocations=35 (full 0):
 garbage-first heap   total 238592K, used 183980K [0x0000000080000000, 0x0000000100000000)
  region size 1024K, 23 young (23552K), 4 survivors (4096K)
 Metaspace       used 92276K, capacity 94749K, committed 95180K, reserved 1132544K
  class space    used 11946K, capacity 12842K, committed 13004K, reserved 1048576K
}
Event: 29.196 GC heap after
{Heap after GC invocations=36 (full 0):
 garbage-first heap   total 238592K, used 172708K [0x0000000080000000, 0x0000000100000000)
  region size 1024K, 3 young (3072K), 3 survivors (3072K)
 Metaspace       used 92276K, capacity 94749K, committed 95180K, reserved 1132544K
  class space    used 11946K, capacity 12842K, committed 13004K, reserved 1048576K
}
Event: 29.736 GC heap before
{Heap before GC invocations=37 (full 0):
 garbage-first heap   total 238592K, used 190116K [0x0000000080000000, 0x0000000100000000)
  region size 1024K, 20 young (20480K), 3 survivors (3072K)
 Metaspace       used 94515K, capacity 97043K, committed 97100K, reserved 1132544K
  class space    used 12430K, capacity 13358K, committed 13388K, reserved 1048576K
}
Event: 29.759 GC heap after
{Heap after GC invocations=38 (full 0):
 garbage-first heap   total 238592K, used 179200K [0x0000000080000000, 0x0000000100000000)
  region size 1024K, 3 young (3072K), 3 survivors (3072K)
 Metaspace       used 94515K, capacity 97043K, committed 97100K, reserved 1132544K
  class space    used 12430K, capacity 13358K, committed 13388K, reserved 1048576K
}
Event: 29.843 GC heap before
{Heap before GC invocations=38 (full 0):
 garbage-first heap   total 238592K, used 194560K [0x0000000080000000, 0x0000000100000000)
  region size 1024K, 18 young (18432K), 3 survivors (3072K)
 Metaspace       used 94557K, capacity 97108K, committed 97356K, reserved 1132544K
  class space    used 12430K, capacity 13358K, committed 13388K, reserved 1048576K
}
Event: 29.878 GC heap after
{Heap after GC invocations=39 (full 0):
 garbage-first heap   total 420864K, used 188209K [0x0000000080000000, 0x0000000100000000)
  region size 1024K, 3 young (3072K), 3 survivors (3072K)
 Metaspace       used 94557K, capacity 97108K, committed 97356K, reserved 1132544K
  class space    used 12430K, capacity 13358K, committed 13388K, reserved 1048576K
}
Event: 30.600 GC heap before
{Heap before GC invocations=40 (full 0):
 garbage-first heap   total 420864K, used 254769K [0x0000000080000000, 0x0000000100000000)
  region size 1024K, 69 young (70656K), 3 survivors (3072K)
 Metaspace       used 94631K, capacity 97178K, committed 97356K, reserved 1132544K
  class space    used 12430K, capacity 13358K, committed 13388K, reserved 1048576K
}
Event: 30.656 GC heap after
{Heap after GC invocations=41 (full 0):
 garbage-first heap   total 420864K, used 226304K [0x0000000080000000, 0x0000000100000000)
  region size 1024K, 9 young (9216K), 9 survivors (9216K)
 Metaspace       used 94631K, capacity 97178K, committed 97356K, reserved 1132544K
  class space    used 12430K, capacity 13358K, committed 13388K, reserved 1048576K
}
Event: 30.780 GC heap before
{Heap before GC invocations=41 (full 0):
 garbage-first heap   total 420864K, used 282624K [0x0000000080000000, 0x0000000100000000)
  region size 1024K, 64 young (65536K), 9 survivors (9216K)
 Metaspace       used 94640K, capacity 97178K, committed 97356K, reserved 1132544K
  class space    used 12430K, capacity 13358K, committed 13388K, reserved 1048576K
}
Event: 30.821 GC heap after
{Heap after GC invocations=42 (full 0):
 garbage-first heap   total 420864K, used 259584K [0x0000000080000000, 0x0000000100000000)
  region size 1024K, 8 young (8192K), 8 survivors (8192K)
 Metaspace       used 94640K, capacity 97178K, committed 97356K, reserved 1132544K
  class space    used 12430K, capacity 13358K, committed 13388K, reserved 1048576K
}
Event: 31.073 GC heap before
{Heap before GC invocations=42 (full 0):
 garbage-first heap   total 420864K, used 304640K [0x0000000080000000, 0x0000000100000000)
  region size 1024K, 53 young (54272K), 8 survivors (8192K)
 Metaspace       used 94641K, capacity 97178K, committed 97356K, reserved 1132544K
  class space    used 12430K, capacity 13358K, committed 13388K, reserved 1048576K
}
Event: 31.109 GC heap after
{Heap after GC invocations=43 (full 0):
 garbage-first heap   total 420864K, used 288768K [0x0000000080000000, 0x0000000100000000)
  region size 1024K, 7 young (7168K), 7 survivors (7168K)
 Metaspace       used 94641K, capacity 97178K, committed 97356K, reserved 1132544K
  class space    used 12430K, capacity 13358K, committed 13388K, reserved 1048576K
}

