# JRE version: OpenJDK Runtime Environment (11.0.11+9) (build 11.0.11+9-b60-7590822)
# Java VM: OpenJDK 64-Bit Server VM (11.0.11+9-b60-7590822, mixed mode, tiered, compressed oops, g1 gc, windows-amd64)
Heap:
 garbage-first heap   total 387072K, used 159963K [0x0000000080000000, 0x0000000100000000)
  region size 1024K, 2 young (2048K), 2 survivors (2048K)
 Metaspace       used 156128K, capacity 161523K, committed 161868K, reserved 1189888K
  class space    used 19246K, capacity 21187K, committed 21324K, reserved 1048576K
GC Heap History (20 events):
Event: 6907.013 GC heap after
{Heap after GC invocations=261 (full 0):
 garbage-first heap   total 226304K, used 178959K [0x0000000080000000, 0x0000000100000000)
  region size 1024K, 1 young (1024K), 1 survivors (1024K)
 Metaspace       used 153099K, capacity 158513K, committed 159692K, reserved 1187840K
  class space    used 19045K, capacity 20985K, committed 21196K, reserved 1048576K
}
Event: 6907.260 GC heap before
{Heap before GC invocations=261 (full 0):
 garbage-first heap   total 226304K, used 194319K [0x0000000080000000, 0x0000000100000000)
  region size 1024K, 16 young (16384K), 1 survivors (1024K)
 Metaspace       used 153105K, capacity 158513K, committed 159692K, reserved 1187840K
  class space    used 19045K, capacity 20985K, committed 21196K, reserved 1048576K
}
Event: 6907.264 GC heap after
{Heap after GC invocations=262 (full 0):
 garbage-first heap   total 226304K, used 178838K [0x0000000080000000, 0x0000000100000000)
  region size 1024K, 1 young (1024K), 1 survivors (1024K)
 Metaspace       used 153105K, capacity 158513K, committed 159692K, reserved 1187840K
  class space    used 19045K, capacity 20985K, committed 21196K, reserved 1048576K
}
Event: 6907.662 GC heap before
{Heap before GC invocations=263 (full 0):
 garbage-first heap   total 226304K, used 195222K [0x0000000080000000, 0x0000000100000000)
  region size 1024K, 17 young (17408K), 1 survivors (1024K)
 Metaspace       used 153110K, capacity 158513K, committed 159692K, reserved 1187840K
  class space    used 19045K, capacity 20985K, committed 21196K, reserved 1048576K
}
Event: 6907.665 GC heap after
{Heap after GC invocations=264 (full 0):
 garbage-first heap   total 226304K, used 178794K [0x0000000080000000, 0x0000000100000000)
  region size 1024K, 1 young (1024K), 1 survivors (1024K)
 Metaspace       used 153110K, capacity 158513K, committed 159692K, reserved 1187840K
  class space    used 19045K, capacity 20985K, committed 21196K, reserved 1048576K
}
Event: 6907.696 GC heap before
{Heap before GC invocations=264 (full 0):
 garbage-first heap   total 226304K, used 189034K [0x0000000080000000, 0x0000000100000000)
  region size 1024K, 11 young (11264K), 1 survivors (1024K)
 Metaspace       used 153110K, capacity 158513K, committed 159692K, reserved 1187840K
  class space    used 19045K, capacity 20985K, committed 21196K, reserved 1048576K
}
Event: 6907.701 GC heap after
{Heap after GC invocations=265 (full 0):
 garbage-first heap   total 226304K, used 177992K [0x0000000080000000, 0x0000000100000000)
  region size 1024K, 1 young (1024K), 1 survivors (1024K)
 Metaspace       used 153110K, capacity 158513K, committed 159692K, reserved 1187840K
  class space    used 19045K, capacity 20985K, committed 21196K, reserved 1048576K
}
Event: 6907.766 GC heap before
{Heap before GC invocations=265 (full 0):
 garbage-first heap   total 226304K, used 194376K [0x0000000080000000, 0x0000000100000000)
  region size 1024K, 17 young (17408K), 1 survivors (1024K)
 Metaspace       used 153110K, capacity 158513K, committed 159692K, reserved 1187840K
  class space    used 19045K, capacity 20985K, committed 21196K, reserved 1048576K
}
Event: 6907.770 GC heap after
{Heap after GC invocations=266 (full 0):
 garbage-first heap   total 226304K, used 177736K [0x0000000080000000, 0x0000000100000000)
  region size 1024K, 1 young (1024K), 1 survivors (1024K)
 Metaspace       used 153110K, capacity 158513K, committed 159692K, reserved 1187840K
  class space    used 19045K, capacity 20985K, committed 21196K, reserved 1048576K
}
Event: 6908.018 GC heap before
{Heap before GC invocations=266 (full 0):
 garbage-first heap   total 226304K, used 202312K [0x0000000080000000, 0x0000000100000000)
  region size 1024K, 18 young (18432K), 1 survivors (1024K)
 Metaspace       used 153115K, capacity 158519K, committed 159692K, reserved 1187840K
  class space    used 19046K, capacity 20987K, committed 21196K, reserved 1048576K
}
Event: 6908.026 GC heap after
{Heap after GC invocations=267 (full 0):
 garbage-first heap   total 226304K, used 186936K [0x0000000080000000, 0x0000000100000000)
  region size 1024K, 3 young (3072K), 3 survivors (3072K)
 Metaspace       used 153115K, capacity 158519K, committed 159692K, reserved 1187840K
  class space    used 19046K, capacity 20987K, committed 21196K, reserved 1048576K
}
Event: 6908.179 GC heap before
{Heap before GC invocations=267 (full 0):
 garbage-first heap   total 226304K, used 204344K [0x0000000080000000, 0x0000000100000000)
  region size 1024K, 11 young (11264K), 3 survivors (3072K)
 Metaspace       used 153156K, capacity 158543K, committed 159692K, reserved 1187840K
  class space    used 19049K, capacity 20992K, committed 21196K, reserved 1048576K
}
Event: 6908.191 GC heap after
{Heap after GC invocations=268 (full 0):
 garbage-first heap   total 272384K, used 184229K [0x0000000080000000, 0x0000000100000000)
  region size 1024K, 2 young (2048K), 2 survivors (2048K)
 Metaspace       used 153156K, capacity 158543K, committed 159692K, reserved 1187840K
  class space    used 19049K, capacity 20992K, committed 21196K, reserved 1048576K
}
Event: 6908.563 GC heap before
{Heap before GC invocations=269 (full 0):
 garbage-first heap   total 272384K, used 214949K [0x0000000080000000, 0x0000000100000000)
  region size 1024K, 33 young (33792K), 2 survivors (2048K)
 Metaspace       used 155479K, capacity 160882K, committed 161100K, reserved 1189888K
  class space    used 19230K, capacity 21187K, committed 21324K, reserved 1048576K
}
Event: 6908.572 GC heap after
{Heap after GC invocations=270 (full 0):
 garbage-first heap   total 272384K, used 188486K [0x0000000080000000, 0x0000000100000000)
  region size 1024K, 5 young (5120K), 5 survivors (5120K)
 Metaspace       used 155479K, capacity 160882K, committed 161100K, reserved 1189888K
  class space    used 19230K, capacity 21187K, committed 21324K, reserved 1048576K
}
Event: 6908.874 GC heap before
{Heap before GC invocations=270 (full 0):
 garbage-first heap   total 272384K, used 220230K [0x0000000080000000, 0x0000000100000000)
  region size 1024K, 36 young (36864K), 5 survivors (5120K)
 Metaspace       used 155739K, capacity 161138K, committed 161356K, reserved 1189888K
  class space    used 19230K, capacity 21187K, committed 21324K, reserved 1048576K
}
Event: 6908.892 GC heap after
{Heap after GC invocations=271 (full 0):
 garbage-first heap   total 272384K, used 189824K [0x0000000080000000, 0x0000000100000000)
  region size 1024K, 2 young (2048K), 2 survivors (2048K)
 Metaspace       used 155739K, capacity 161138K, committed 161356K, reserved 1189888K
  class space    used 19230K, capacity 21187K, committed 21324K, reserved 1048576K
}
Event: 6909.310 GC heap before
{Heap before GC invocations=272 (full 0):
 garbage-first heap   total 272384K, used 210304K [0x0000000080000000, 0x0000000100000000)
  region size 1024K, 34 young (34816K), 2 survivors (2048K)
 Metaspace       used 155982K, capacity 161394K, committed 161612K, reserved 1189888K
  class space    used 19238K, capacity 21187K, committed 21324K, reserved 1048576K
}
Event: 6909.317 GC heap after
{Heap after GC invocations=273 (full 0):
 garbage-first heap   total 272384K, used 179780K [0x0000000080000000, 0x0000000100000000)
  region size 1024K, 4 young (4096K), 4 survivors (4096K)
 Metaspace       used 155982K, capacity 161394K, committed 161612K, reserved 1189888K
  class space    used 19238K, capacity 21187K, committed 21324K, reserved 1048576K
}
Event: 6909.385 GC heap before
{Heap before GC invocations=273 (full 0):
 garbage-first heap   total 272384K, used 187972K [0x0000000080000000, 0x0000000100000000)
  region size 1024K, 13 young (13312K), 4 survivors (4096K)
 Metaspace       used 156128K, capacity 161523K, committed 161868K, reserved 1189888K
  class space    used 19246K, capacity 21187K, committed 21324K, reserved 1048576K
}

