# JRE version: OpenJDK Runtime Environment (11.0.11+9) (build 11.0.11+9-b60-7590822)
# Java VM: OpenJDK 64-Bit Server VM (11.0.11+9-b60-7590822, mixed mode, tiered, compressed oops, g1 gc, windows-amd64)
Heap:
 garbage-first heap   total 929792K, used 299008K [0x0000000080000000, 0x0000000100000000)
  region size 1024K, 5 young (5120K), 5 survivors (5120K)
 Metaspace       used 92605K, capacity 95072K, committed 95436K, reserved 1132544K
  class space    used 12204K, capacity 13106K, committed 13260K, reserved 1048576K
GC Heap History (20 events):
Event: 25.189 GC heap after
{Heap after GC invocations=27 (full 0):
 garbage-first heap   total 203776K, used 156768K [0x0000000080000000, 0x0000000100000000)
  region size 1024K, 2 young (2048K), 2 survivors (2048K)
 Metaspace       used 90300K, capacity 92692K, committed 93132K, reserved 1130496K
  class space    used 11742K, capacity 12573K, committed 12748K, reserved 1048576K
}
Event: 25.307 GC heap before
{Heap before GC invocations=27 (full 0):
 garbage-first heap   total 203776K, used 167008K [0x0000000080000000, 0x0000000100000000)
  region size 1024K, 13 young (13312K), 2 survivors (2048K)
 Metaspace       used 90300K, capacity 92692K, committed 93132K, reserved 1130496K
  class space    used 11742K, capacity 12573K, committed 12748K, reserved 1048576K
}
Event: 25.323 GC heap after
{Heap after GC invocations=28 (full 0):
 garbage-first heap   total 203776K, used 162166K [0x0000000080000000, 0x0000000100000000)
  region size 1024K, 2 young (2048K), 2 survivors (2048K)
 Metaspace       used 90300K, capacity 92692K, committed 93132K, reserved 1130496K
  class space    used 11742K, capacity 12573K, committed 12748K, reserved 1048576K
}
Event: 25.419 GC heap before
{Heap before GC invocations=29 (full 0):
 garbage-first heap   total 203776K, used 172406K [0x0000000080000000, 0x0000000100000000)
  region size 1024K, 11 young (11264K), 2 survivors (2048K)
 Metaspace       used 90301K, capacity 92692K, committed 93132K, reserved 1130496K
  class space    used 11742K, capacity 12573K, committed 12748K, reserved 1048576K
}
Event: 25.435 GC heap after
{Heap after GC invocations=30 (full 0):
 garbage-first heap   total 244736K, used 167017K [0x0000000080000000, 0x0000000100000000)
  region size 1024K, 2 young (2048K), 2 survivors (2048K)
 Metaspace       used 90301K, capacity 92692K, committed 93132K, reserved 1130496K
  class space    used 11742K, capacity 12573K, committed 12748K, reserved 1048576K
}
Event: 25.638 GC heap before
{Heap before GC invocations=30 (full 0):
 garbage-first heap   total 244736K, used 186473K [0x0000000080000000, 0x0000000100000000)
  region size 1024K, 22 young (22528K), 2 survivors (2048K)
 Metaspace       used 91071K, capacity 93493K, committed 93772K, reserved 1130496K
  class space    used 11880K, capacity 12760K, committed 12876K, reserved 1048576K
}
Event: 25.657 GC heap after
{Heap after GC invocations=31 (full 0):
 garbage-first heap   total 244736K, used 174412K [0x0000000080000000, 0x0000000100000000)
  region size 1024K, 3 young (3072K), 3 survivors (3072K)
 Metaspace       used 91071K, capacity 93493K, committed 93772K, reserved 1130496K
  class space    used 11880K, capacity 12760K, committed 12876K, reserved 1048576K
}
Event: 26.025 GC heap before
{Heap before GC invocations=31 (full 0):
 garbage-first heap   total 244736K, used 192844K [0x0000000080000000, 0x0000000100000000)
  region size 1024K, 22 young (22528K), 3 survivors (3072K)
 Metaspace       used 92498K, capacity 95056K, committed 95436K, reserved 1132544K
  class space    used 12229K, capacity 13153K, committed 13260K, reserved 1048576K
}
Event: 26.046 GC heap after
{Heap after GC invocations=32 (full 0):
 garbage-first heap   total 244736K, used 183128K [0x0000000080000000, 0x0000000100000000)
  region size 1024K, 3 young (3072K), 3 survivors (3072K)
 Metaspace       used 92498K, capacity 95056K, committed 95436K, reserved 1132544K
  class space    used 12229K, capacity 13153K, committed 13260K, reserved 1048576K
}
Event: 26.117 GC heap before
{Heap before GC invocations=33 (full 0):
 garbage-first heap   total 244736K, used 198488K [0x0000000080000000, 0x0000000100000000)
  region size 1024K, 18 young (18432K), 3 survivors (3072K)
 Metaspace       used 92559K, capacity 95061K, committed 95436K, reserved 1132544K
  class space    used 12229K, capacity 13153K, committed 13260K, reserved 1048576K
}
Event: 26.132 GC heap after
{Heap after GC invocations=34 (full 0):
 garbage-first heap   total 244736K, used 192502K [0x0000000080000000, 0x0000000100000000)
  region size 1024K, 3 young (3072K), 3 survivors (3072K)
 Metaspace       used 92559K, capacity 95061K, committed 95436K, reserved 1132544K
  class space    used 12229K, capacity 13153K, committed 13260K, reserved 1048576K
}
Event: 26.196 GC heap before
{Heap before GC invocations=34 (full 0):
 garbage-first heap   total 244736K, used 203766K [0x0000000080000000, 0x0000000100000000)
  region size 1024K, 14 young (14336K), 3 survivors (3072K)
 Metaspace       used 92593K, capacity 95128K, committed 95436K, reserved 1132544K
  class space    used 12229K, capacity 13153K, committed 13260K, reserved 1048576K
}
Event: 26.228 GC heap after
{Heap after GC invocations=35 (full 0):
 garbage-first heap   total 390144K, used 199278K [0x0000000080000000, 0x0000000100000000)
  region size 1024K, 2 young (2048K), 2 survivors (2048K)
 Metaspace       used 92593K, capacity 95128K, committed 95436K, reserved 1132544K
  class space    used 12229K, capacity 13153K, committed 13260K, reserved 1048576K
}
Event: 26.798 GC heap before
{Heap before GC invocations=35 (full 0):
 garbage-first heap   total 390144K, used 250478K [0x0000000080000000, 0x0000000100000000)
  region size 1024K, 52 young (53248K), 2 survivors (2048K)
 Metaspace       used 92553K, capacity 95008K, committed 95436K, reserved 1132544K
  class space    used 12204K, capacity 13106K, committed 13260K, reserved 1048576K
}
Event: 26.865 GC heap after
{Heap after GC invocations=36 (full 0):
 garbage-first heap   total 390144K, used 228352K [0x0000000080000000, 0x0000000100000000)
  region size 1024K, 7 young (7168K), 7 survivors (7168K)
 Metaspace       used 92553K, capacity 95008K, committed 95436K, reserved 1132544K
  class space    used 12204K, capacity 13106K, committed 13260K, reserved 1048576K
}
Event: 27.246 GC heap before
{Heap before GC invocations=37 (full 0):
 garbage-first heap   total 390144K, used 272384K [0x0000000080000000, 0x0000000100000000)
  region size 1024K, 50 young (51200K), 7 survivors (7168K)
 Metaspace       used 92563K, capacity 95008K, committed 95436K, reserved 1132544K
  class space    used 12204K, capacity 13106K, committed 13260K, reserved 1048576K
}
Event: 27.299 GC heap after
{Heap after GC invocations=38 (full 0):
 garbage-first heap   total 390144K, used 254428K [0x0000000080000000, 0x0000000100000000)
  region size 1024K, 7 young (7168K), 7 survivors (7168K)
 Metaspace       used 92563K, capacity 95008K, committed 95436K, reserved 1132544K
  class space    used 12204K, capacity 13106K, committed 13260K, reserved 1048576K
}
Event: 27.550 GC heap before
{Heap before GC invocations=38 (full 0):
 garbage-first heap   total 390144K, used 289244K [0x0000000080000000, 0x0000000100000000)
  region size 1024K, 42 young (43008K), 7 survivors (7168K)
 Metaspace       used 92605K, capacity 95072K, committed 95436K, reserved 1132544K
  class space    used 12204K, capacity 13106K, committed 13260K, reserved 1048576K
}
Event: 27.611 GC heap after
{Heap after GC invocations=39 (full 0):
 garbage-first heap   total 390144K, used 276480K [0x0000000080000000, 0x0000000100000000)
  region size 1024K, 6 young (6144K), 6 survivors (6144K)
 Metaspace       used 92605K, capacity 95072K, committed 95436K, reserved 1132544K
  class space    used 12204K, capacity 13106K, committed 13260K, reserved 1048576K
}
Event: 27.813 GC heap before
{Heap before GC invocations=39 (full 0):
 garbage-first heap   total 390144K, used 308224K [0x0000000080000000, 0x0000000100000000)
  region size 1024K, 35 young (35840K), 6 survivors (6144K)
 Metaspace       used 92605K, capacity 95072K, committed 95436K, reserved 1132544K
  class space    used 12204K, capacity 13106K, committed 13260K, reserved 1048576K
}

