# JRE version: OpenJDK Runtime Environment (11.0.11+9) (build 11.0.11+9-b60-7590822)
# Java VM: OpenJDK 64-Bit Server VM (11.0.11+9-b60-7590822, mixed mode, tiered, compressed oops, g1 gc, windows-amd64)
Heap:
 garbage-first heap   total 665600K, used 255783K [0x0000000080000000, 0x0000000100000000)
  region size 1024K, 4 young (4096K), 4 survivors (4096K)
 Metaspace       used 92649K, capacity 95086K, committed 95308K, reserved 1132544K
  class space    used 12222K, capacity 13115K, committed 13132K, reserved 1048576K
GC Heap History (20 events):
Event: 23.850 GC heap after
{Heap after GC invocations=27 (full 0):
 garbage-first heap   total 196608K, used 156659K [0x0000000080000000, 0x0000000100000000)
  region size 1024K, 2 young (2048K), 2 survivors (2048K)
 Metaspace       used 90287K, capacity 92548K, committed 93132K, reserved 1130496K
  class space    used 11738K, capacity 12541K, committed 12748K, reserved 1048576K
}
Event: 23.969 GC heap before
{Heap before GC invocations=27 (full 0):
 garbage-first heap   total 196608K, used 163827K [0x0000000080000000, 0x0000000100000000)
  region size 1024K, 10 young (10240K), 2 survivors (2048K)
 Metaspace       used 90288K, capacity 92548K, committed 93132K, reserved 1130496K
  class space    used 11738K, capacity 12541K, committed 12748K, reserved 1048576K
}
Event: 23.981 GC heap after
{Heap after GC invocations=28 (full 0):
 garbage-first heap   total 196608K, used 160768K [0x0000000080000000, 0x0000000100000000)
  region size 1024K, 2 young (2048K), 2 survivors (2048K)
 Metaspace       used 90288K, capacity 92548K, committed 93132K, reserved 1130496K
  class space    used 11738K, capacity 12541K, committed 12748K, reserved 1048576K
}
Event: 24.047 GC heap before
{Heap before GC invocations=29 (full 0):
 garbage-first heap   total 196608K, used 167936K [0x0000000080000000, 0x0000000100000000)
  region size 1024K, 9 young (9216K), 2 survivors (2048K)
 Metaspace       used 90290K, capacity 92548K, committed 93132K, reserved 1130496K
  class space    used 11738K, capacity 12541K, committed 12748K, reserved 1048576K
}
Event: 24.059 GC heap after
{Heap after GC invocations=30 (full 0):
 garbage-first heap   total 236544K, used 163930K [0x0000000080000000, 0x0000000100000000)
  region size 1024K, 2 young (2048K), 2 survivors (2048K)
 Metaspace       used 90290K, capacity 92548K, committed 93132K, reserved 1130496K
  class space    used 11738K, capacity 12541K, committed 12748K, reserved 1048576K
}
Event: 24.074 GC heap before
{Heap before GC invocations=30 (full 0):
 garbage-first heap   total 236544K, used 164954K [0x0000000080000000, 0x0000000100000000)
  region size 1024K, 4 young (4096K), 2 survivors (2048K)
 Metaspace       used 90290K, capacity 92548K, committed 93132K, reserved 1130496K
  class space    used 11738K, capacity 12541K, committed 12748K, reserved 1048576K
}
Event: 24.081 GC heap after
{Heap after GC invocations=31 (full 0):
 garbage-first heap   total 236544K, used 165196K [0x0000000080000000, 0x0000000100000000)
  region size 1024K, 1 young (1024K), 1 survivors (1024K)
 Metaspace       used 90290K, capacity 92548K, committed 93132K, reserved 1130496K
  class space    used 11738K, capacity 12541K, committed 12748K, reserved 1048576K
}
Event: 24.225 GC heap before
{Heap before GC invocations=31 (full 0):
 garbage-first heap   total 236544K, used 182604K [0x0000000080000000, 0x0000000100000000)
  region size 1024K, 17 young (17408K), 1 survivors (1024K)
 Metaspace       used 90309K, capacity 92612K, committed 93132K, reserved 1130496K
  class space    used 11739K, capacity 12541K, committed 12748K, reserved 1048576K
}
Event: 24.240 GC heap after
{Heap after GC invocations=32 (full 0):
 garbage-first heap   total 236544K, used 172696K [0x0000000080000000, 0x0000000100000000)
  region size 1024K, 3 young (3072K), 3 survivors (3072K)
 Metaspace       used 90309K, capacity 92612K, committed 93132K, reserved 1130496K
  class space    used 11739K, capacity 12541K, committed 12748K, reserved 1048576K
}
Event: 24.540 GC heap before
{Heap before GC invocations=33 (full 0):
 garbage-first heap   total 236544K, used 186008K [0x0000000080000000, 0x0000000100000000)
  region size 1024K, 17 young (17408K), 3 survivors (3072K)
 Metaspace       used 92426K, capacity 94818K, committed 95052K, reserved 1130496K
  class space    used 12221K, capacity 13115K, committed 13132K, reserved 1048576K
}
Event: 24.552 GC heap after
{Heap after GC invocations=34 (full 0):
 garbage-first heap   total 236544K, used 175792K [0x0000000080000000, 0x0000000100000000)
  region size 1024K, 3 young (3072K), 3 survivors (3072K)
 Metaspace       used 92426K, capacity 94818K, committed 95052K, reserved 1130496K
  class space    used 12221K, capacity 13115K, committed 13132K, reserved 1048576K
}
Event: 24.681 GC heap before
{Heap before GC invocations=34 (full 0):
 garbage-first heap   total 236544K, used 190128K [0x0000000080000000, 0x0000000100000000)
  region size 1024K, 17 young (17408K), 3 survivors (3072K)
 Metaspace       used 92584K, capacity 94954K, committed 95052K, reserved 1130496K
  class space    used 12222K, capacity 13115K, committed 13132K, reserved 1048576K
}
Event: 24.702 GC heap after
{Heap after GC invocations=35 (full 0):
 garbage-first heap   total 332800K, used 183296K [0x0000000080000000, 0x0000000100000000)
  region size 1024K, 3 young (3072K), 3 survivors (3072K)
 Metaspace       used 92584K, capacity 94954K, committed 95052K, reserved 1130496K
  class space    used 12222K, capacity 13115K, committed 13132K, reserved 1048576K
}
Event: 25.047 GC heap before
{Heap before GC invocations=35 (full 0):
 garbage-first heap   total 332800K, used 224256K [0x0000000080000000, 0x0000000100000000)
  region size 1024K, 43 young (44032K), 3 survivors (3072K)
 Metaspace       used 92603K, capacity 94954K, committed 95052K, reserved 1130496K
  class space    used 12222K, capacity 13115K, committed 13132K, reserved 1048576K
}
Event: 25.074 GC heap after
{Heap after GC invocations=36 (full 0):
 garbage-first heap   total 332800K, used 206447K [0x0000000080000000, 0x0000000100000000)
  region size 1024K, 6 young (6144K), 6 survivors (6144K)
 Metaspace       used 92603K, capacity 94954K, committed 95052K, reserved 1130496K
  class space    used 12222K, capacity 13115K, committed 13132K, reserved 1048576K
}
Event: 25.259 GC heap before
{Heap before GC invocations=37 (full 0):
 garbage-first heap   total 332800K, used 239215K [0x0000000080000000, 0x0000000100000000)
  region size 1024K, 39 young (39936K), 6 survivors (6144K)
 Metaspace       used 92617K, capacity 95018K, committed 95308K, reserved 1132544K
  class space    used 12222K, capacity 13115K, committed 13132K, reserved 1048576K
}
Event: 25.284 GC heap after
{Heap after GC invocations=38 (full 0):
 garbage-first heap   total 332800K, used 226304K [0x0000000080000000, 0x0000000100000000)
  region size 1024K, 5 young (5120K), 5 survivors (5120K)
 Metaspace       used 92617K, capacity 95018K, committed 95308K, reserved 1132544K
  class space    used 12222K, capacity 13115K, committed 13132K, reserved 1048576K
}
Event: 25.387 GC heap before
{Heap before GC invocations=38 (full 0):
 garbage-first heap   total 332800K, used 253952K [0x0000000080000000, 0x0000000100000000)
  region size 1024K, 33 young (33792K), 5 survivors (5120K)
 Metaspace       used 92639K, capacity 95086K, committed 95308K, reserved 1132544K
  class space    used 12222K, capacity 13115K, committed 13132K, reserved 1048576K
}
Event: 25.406 GC heap after
{Heap after GC invocations=39 (full 0):
 garbage-first heap   total 332800K, used 243621K [0x0000000080000000, 0x0000000100000000)
  region size 1024K, 5 young (5120K), 5 survivors (5120K)
 Metaspace       used 92639K, capacity 95086K, committed 95308K, reserved 1132544K
  class space    used 12222K, capacity 13115K, committed 13132K, reserved 1048576K
}
Event: 25.529 GC heap before
{Heap before GC invocations=39 (full 0):
 garbage-first heap   total 332800K, used 266149K [0x0000000080000000, 0x0000000100000000)
  region size 1024K, 27 young (27648K), 5 survivors (5120K)
 Metaspace       used 92649K, capacity 95086K, committed 95308K, reserved 1132544K
  class space    used 12222K, capacity 13115K, committed 13132K, reserved 1048576K
}

