# JRE version: OpenJDK Runtime Environment (11.0.11+9) (build 11.0.11+9-b60-7590822)
# Java VM: OpenJDK 64-Bit Server VM (11.0.11+9-b60-7590822, mixed mode, tiered, compressed oops, g1 gc, windows-amd64)
Heap:
 garbage-first heap   total 634880K, used 260838K [0x0000000080000000, 0x0000000100000000)
  region size 1024K, 3 young (3072K), 3 survivors (3072K)
 Metaspace       used 105558K, capacity 108294K, committed 108492K, reserved 1142784K
  class space    used 13398K, capacity 14404K, committed 14540K, reserved 1048576K
GC Heap History (20 events):
Event: 42.511 GC heap after
{Heap after GC invocations=43 (full 0):
 garbage-first heap   total 217088K, used 146480K [0x0000000080000000, 0x0000000100000000)
  region size 1024K, 3 young (3072K), 3 survivors (3072K)
 Metaspace       used 102338K, capacity 104936K, committed 105164K, reserved 1140736K
  class space    used 12800K, capacity 13736K, committed 13772K, reserved 1048576K
}
Event: 42.759 GC heap before
{Heap before GC invocations=43 (full 0):
 garbage-first heap   total 217088K, used 197680K [0x0000000080000000, 0x0000000100000000)
  region size 1024K, 32 young (32768K), 3 survivors (3072K)
 Metaspace       used 102907K, capacity 105519K, committed 105804K, reserved 1140736K
  class space    used 12878K, capacity 13822K, committed 13900K, reserved 1048576K
}
Event: 42.770 GC heap after
{Heap after GC invocations=44 (full 0):
 garbage-first heap   total 217088K, used 165725K [0x0000000080000000, 0x0000000100000000)
  region size 1024K, 4 young (4096K), 4 survivors (4096K)
 Metaspace       used 102907K, capacity 105519K, committed 105804K, reserved 1140736K
  class space    used 12878K, capacity 13822K, committed 13900K, reserved 1048576K
}
Event: 42.835 GC heap before
{Heap before GC invocations=44 (full 0):
 garbage-first heap   total 217088K, used 183133K [0x0000000080000000, 0x0000000100000000)
  region size 1024K, 22 young (22528K), 4 survivors (4096K)
 Metaspace       used 102920K, capacity 105519K, committed 105804K, reserved 1140736K
  class space    used 12879K, capacity 13822K, committed 13900K, reserved 1048576K
}
Event: 42.848 GC heap after
{Heap after GC invocations=45 (full 0):
 garbage-first heap   total 261120K, used 169784K [0x0000000080000000, 0x0000000100000000)
  region size 1024K, 3 young (3072K), 3 survivors (3072K)
 Metaspace       used 102920K, capacity 105519K, committed 105804K, reserved 1140736K
  class space    used 12879K, capacity 13822K, committed 13900K, reserved 1048576K
}
Event: 43.015 GC heap before
{Heap before GC invocations=46 (full 0):
 garbage-first heap   total 261120K, used 210744K [0x0000000080000000, 0x0000000100000000)
  region size 1024K, 40 young (40960K), 3 survivors (3072K)
 Metaspace       used 103005K, capacity 105603K, committed 105804K, reserved 1140736K
  class space    used 12888K, capacity 13829K, committed 13900K, reserved 1048576K
}
Event: 43.033 GC heap after
{Heap after GC invocations=47 (full 0):
 garbage-first heap   total 261120K, used 180412K [0x0000000080000000, 0x0000000100000000)
  region size 1024K, 5 young (5120K), 5 survivors (5120K)
 Metaspace       used 103005K, capacity 105603K, committed 105804K, reserved 1140736K
  class space    used 12888K, capacity 13829K, committed 13900K, reserved 1048576K
}
Event: 43.064 GC heap before
{Heap before GC invocations=47 (full 0):
 garbage-first heap   total 261120K, used 186556K [0x0000000080000000, 0x0000000100000000)
  region size 1024K, 12 young (12288K), 5 survivors (5120K)
 Metaspace       used 103009K, capacity 105603K, committed 105804K, reserved 1140736K
  class space    used 12888K, capacity 13829K, committed 13900K, reserved 1048576K
}
Event: 43.075 GC heap after
{Heap after GC invocations=48 (full 0):
 garbage-first heap   total 261120K, used 182017K [0x0000000080000000, 0x0000000100000000)
  region size 1024K, 2 young (2048K), 2 survivors (2048K)
 Metaspace       used 103009K, capacity 105603K, committed 105804K, reserved 1140736K
  class space    used 12888K, capacity 13829K, committed 13900K, reserved 1048576K
}
Event: 43.139 GC heap before
{Heap before GC invocations=48 (full 0):
 garbage-first heap   total 261120K, used 212737K [0x0000000080000000, 0x0000000100000000)
  region size 1024K, 32 young (32768K), 2 survivors (2048K)
 Metaspace       used 103040K, capacity 105609K, committed 105804K, reserved 1140736K
  class space    used 12890K, capacity 13831K, committed 13900K, reserved 1048576K
}
Event: 43.149 GC heap after
{Heap after GC invocations=49 (full 0):
 garbage-first heap   total 261120K, used 186368K [0x0000000080000000, 0x0000000100000000)
  region size 1024K, 4 young (4096K), 4 survivors (4096K)
 Metaspace       used 103040K, capacity 105609K, committed 105804K, reserved 1140736K
  class space    used 12890K, capacity 13831K, committed 13900K, reserved 1048576K
}
Event: 43.353 GC heap before
{Heap before GC invocations=49 (full 0):
 garbage-first heap   total 261120K, used 218112K [0x0000000080000000, 0x0000000100000000)
  region size 1024K, 33 young (33792K), 4 survivors (4096K)
 Metaspace       used 103140K, capacity 105810K, committed 106060K, reserved 1140736K
  class space    used 12903K, capacity 13848K, committed 13900K, reserved 1048576K
}
Event: 43.379 GC heap after
{Heap after GC invocations=50 (full 0):
 garbage-first heap   total 317440K, used 198042K [0x0000000080000000, 0x0000000100000000)
  region size 1024K, 5 young (5120K), 5 survivors (5120K)
 Metaspace       used 103140K, capacity 105810K, committed 106060K, reserved 1140736K
  class space    used 12903K, capacity 13848K, committed 13900K, reserved 1048576K
}
Event: 43.925 GC heap before
{Heap before GC invocations=50 (full 0):
 garbage-first heap   total 317440K, used 240026K [0x0000000080000000, 0x0000000100000000)
  region size 1024K, 47 young (48128K), 5 survivors (5120K)
 Metaspace       used 105508K, capacity 108291K, committed 108492K, reserved 1142784K
  class space    used 13398K, capacity 14404K, committed 14540K, reserved 1048576K
}
Event: 43.953 GC heap after
{Heap after GC invocations=51 (full 0):
 garbage-first heap   total 317440K, used 216235K [0x0000000080000000, 0x0000000100000000)
  region size 1024K, 6 young (6144K), 6 survivors (6144K)
 Metaspace       used 105508K, capacity 108291K, committed 108492K, reserved 1142784K
  class space    used 13398K, capacity 14404K, committed 14540K, reserved 1048576K
}
Event: 44.149 GC heap before
{Heap before GC invocations=51 (full 0):
 garbage-first heap   total 317440K, used 251051K [0x0000000080000000, 0x0000000100000000)
  region size 1024K, 40 young (40960K), 6 survivors (6144K)
 Metaspace       used 105527K, capacity 108294K, committed 108492K, reserved 1142784K
  class space    used 13398K, capacity 14404K, committed 14540K, reserved 1048576K
}
Event: 44.192 GC heap after
{Heap after GC invocations=52 (full 0):
 garbage-first heap   total 317440K, used 236881K [0x0000000080000000, 0x0000000100000000)
  region size 1024K, 5 young (5120K), 5 survivors (5120K)
 Metaspace       used 105527K, capacity 108294K, committed 108492K, reserved 1142784K
  class space    used 13398K, capacity 14404K, committed 14540K, reserved 1048576K
}
Event: 44.317 GC heap before
{Heap before GC invocations=52 (full 0):
 garbage-first heap   total 317440K, used 259409K [0x0000000080000000, 0x0000000100000000)
  region size 1024K, 28 young (28672K), 5 survivors (5120K)
 Metaspace       used 105530K, capacity 108294K, committed 108492K, reserved 1142784K
  class space    used 13398K, capacity 14404K, committed 14540K, reserved 1048576K
}
Event: 44.342 GC heap after
{Heap after GC invocations=53 (full 0):
 garbage-first heap   total 317440K, used 251338K [0x0000000080000000, 0x0000000100000000)
  region size 1024K, 4 young (4096K), 4 survivors (4096K)
 Metaspace       used 105530K, capacity 108294K, committed 108492K, reserved 1142784K
  class space    used 13398K, capacity 14404K, committed 14540K, reserved 1048576K
}
Event: 44.519 GC heap before
{Heap before GC invocations=53 (full 0):
 garbage-first heap   total 317440K, used 265674K [0x0000000080000000, 0x0000000100000000)
  region size 1024K, 19 young (19456K), 4 survivors (4096K)
 Metaspace       used 105558K, capacity 108294K, committed 108492K, reserved 1142784K
  class space    used 13398K, capacity 14404K, committed 14540K, reserved 1048576K
}

